{
  "stats": {
    "suites": 1,
    "tests": 1,
    "passes": 1,
    "pending": 0,
    "failures": 0,
    "start": "2020-12-13T16:47:42.325Z",
    "end": "2020-12-13T16:47:42.617Z",
    "duration": 292,
    "testsRegistered": 1,
    "passPercent": 100,
    "pendingPercent": 0,
    "other": 0,
    "hasOther": false,
    "skipped": 0,
    "hasSkipped": false
  },
  "results": [
    {
      "uuid": "6209884a-f03d-4a88-a3e0-680e614af3e4",
      "title": "",
      "fullFile": "",
      "file": "",
      "beforeHooks": [],
      "afterHooks": [],
      "tests": [],
      "suites": [
        {
          "uuid": "8d37d885-6d1d-463e-88ec-81e98d799b5b",
          "title": "Insertar un Producto",
          "fullFile": "C:\\Users\\diego\\Documents\\SoftwareAvanzado\\Lab\\practica1_SA\\pruebas\\test\\testProducto.js",
          "file": "\\test\\testProducto.js",
          "beforeHooks": [],
          "afterHooks": [],
          "tests": [
            {
              "title": "Deberia retornar un true al insertar producto",
              "fullTitle": "Insertar un Producto Deberia retornar un true al insertar producto",
              "timedOut": false,
              "duration": 37,
              "state": "passed",
              "speed": "fast",
              "pass": true,
              "fail": false,
              "pending": false,
              "context": null,
              "code": "let id = insertar.numero+1;\n        let product = {\n            id_producto: id,\n            nombre: \"camara web\",\n            cantidad: 16,\n            foto: \"https://www.imeqmo.com/web/image/335854/c925e-webcam%20(1).png\"\n        }\n        insertar.numero = insertar.numero+1;\n        let valor = insertar.add(product);\nchai.assert.equal(true,valor , \"Deberia retornar true\")\ndone();",
              "err": {},
              "uuid": "59b30225-bdbd-4b4d-ba05-3f6999295078",
              "parentUUID": "8d37d885-6d1d-463e-88ec-81e98d799b5b",
              "isHook": false,
              "skipped": false
            }
          ],
          "suites": [],
          "passes": [
            "59b30225-bdbd-4b4d-ba05-3f6999295078"
          ],
          "failures": [],
          "pending": [],
          "skipped": [],
          "duration": 37,
          "root": false,
          "rootEmpty": false,
          "_timeout": 2000
        }
      ],
      "passes": [],
      "failures": [],
      "pending": [],
      "skipped": [],
      "duration": 0,
      "root": true,
      "rootEmpty": true,
      "_timeout": 2000
    }
  ],
  "meta": {
    "mocha": {
      "version": "8.2.1"
    },
    "mochawesome": {
      "options": {
        "quiet": false,
        "reportFilename": "mochawesome",
        "saveHtml": true,
        "saveJson": true,
        "consoleReporter": "spec",
        "useInlineDiffs": false,
        "code": true
      },
      "version": "6.2.1"
    },
    "marge": {
      "options": {
        "autoOpen": "false"
      },
      "version": "5.1.0"
    }
  }
}